00.pdf===============  
Encryption: Not encrypted
Permissions: 
Linearized: false
Version: 1.4
Pages: 7
Title: WinRAR
Author: 
Subject: 
Keywords: 
Creator: Typora
Producer: Typora
Created: 20190304053253
Modified: 20190304053253
Trapped: False
00_gs.pdf===============  
00_magcik_jpeg.pdf===============  
Encryption: Not encrypted
Permissions: 
Linearized: false
Version: 1.7
Pages: 7
Title: 00_magcik_jpeg
Author: 
Subject: 
Keywords: 
Creator: 
Producer: http://www.imagemagick.org
Created: D:20200528151808
Modified: D:20200528151808
Trapped: False
00_magcik_zip.pdf===============  
Encryption: Not encrypted
Permissions: 
Linearized: false
Version: 1.7
Pages: 7
Title: 00_magcik_zip
Author: 
Subject: 
Keywords: 
Creator: 
Producer: http://www.imagemagick.org
Created: D:20200528151707
Modified: D:20200528151707
Trapped: False
01.pdf===============  
Encryption: Not encrypted
Permissions: 
Linearized: false
Version: 1.3
Pages: 7
Title: 
Author: 
Subject: 
Keywords: 
Creator: 
Producer: 
Created: 
Modified: 
Trapped: False
01_gs.pdf===============  
Encryption: Not encrypted
Permissions: 
Linearized: false
Version: 1.7
Pages: 7
Title: 
Author: 
Subject: 
Keywords: 
Creator: 
Producer: GPL Ghostscript 9.52
Created: D:20200528231652+08'00'
Modified: D:20200528231652+08'00'
Trapped: False
XMP xmp:CreateDate: 2020-05-28T23:16:52+08:00
XMP xmp:CreatorTool: UnknownApplication
XMP xmp:ModifyDate: 2020-05-28T23:16:52+08:00
XMP dc:title: Untitled
01_magcik_jpeg.pdf===============  
Encryption: Not encrypted
Permissions: 
Linearized: false
Version: 1.7
Pages: 7
Title: 01_magcik_jpeg
Author: 
Subject: 
Keywords: 
Creator: 
Producer: http://www.imagemagick.org
Created: D:20200528151813
Modified: D:20200528151813
Trapped: False
01_magcik_zip.pdf===============  
Encryption: Not encrypted
Permissions: 
Linearized: false
Version: 1.7
Pages: 7
Title: 01_magcik_zip
Author: 
Subject: 
Keywords: 
Creator: 
Producer: http://www.imagemagick.org
Created: D:20200528151712
Modified: D:20200528151712
Trapped: False
02.pdf===============  
Encryption: Not encrypted
Permissions: 
Linearized: true
Version: 1.6
Pages: 91
Title: <4D6963726F736F667420576F7264202D20D0CBC9ADBFECBDDD20D3A6BCB1D4A4B0B820B8BDBCFE322D31342E646F63>
Author: alexn
Subject: 
Keywords: 
Creator: PScript5.dll Version 5.2.2
Producer: Acrobat Distiller 9.5.5 (Windows)
Created: D:20140924165945+08'00'
Modified: D:20140924170840+08'00'
Trapped: False
XMP pdf:Producer: Acrobat Distiller 9.5.5 (Windows)
XMP xmp:CreateDate: 2014-09-24T16:59:45+08:00
XMP xmp:CreatorTool: PScript5.dll Version 5.2.2
XMP xmp:MetadataDate: 2014-09-24T17:08:40+08:00
XMP xmp:ModifyDate: 2014-09-24T17:08:40+08:00
XMP dc:title: <4D6963726F736F667420576F7264202D20D0CBC9ADBFECBDDD20D3A6BCB1D4A4B0B820B8BDBCFE322D31342E646F63>
XMP dc:creator: alexn
02_gs.pdf===============  
Encryption: Not encrypted
Permissions: 
Linearized: false
Version: 1.7
Pages: 91
Title: <4D6963726F736F667420576F7264202D20D0CBC9ADBFECBDDD20D3A6BCB1D4A4B0B820B8BDBCFE322D31342E646F63>
Author: alexn
Subject: 
Keywords: 
Creator: PScript5.dll Version 5.2.2
Producer: GPL Ghostscript 9.52
Created: D:20200528231654+08'00'
Modified: D:20200528231654+08'00'
Trapped: False
XMP xmp:CreateDate: 2020-05-28T23:16:54+08:00
XMP xmp:CreatorTool: PScript5.dll Version 5.2.2
XMP xmp:ModifyDate: 2020-05-28T23:16:54+08:00
XMP dc:title: <4D6963726F736F667420576F7264202D20D0CBC9ADBFECBDDD20D3A6BCB1D4A4B0B820B8BDBCFE322D31342E646F63>
XMP dc:creator: alexn
02_magcik_jpeg.pdf===============  
Encryption: Not encrypted
Permissions: 
Linearized: false
Version: 1.4
Pages: 91
Title: 02_magcik_jpeg
Author: 
Subject: 
Keywords: 
Creator: 
Producer: http://www.imagemagick.org
Created: D:20200528151854
Modified: D:20200528151854
Trapped: False
02_magcik_zip.pdf===============  
Encryption: Not encrypted
Permissions: 
Linearized: false
Version: 1.4
Pages: 91
Title: 02_magcik_zip
Author: 
Subject: 
Keywords: 
Creator: 
Producer: http://www.imagemagick.org
Created: D:20200528151759
Modified: D:20200528151759
Trapped: False
